<?xml version="1.0" encoding="UTF-8"?>
<!-- Generated by org.testng.reporters.JUnitReportReporter -->
<testsuite skipped="0" hostname="MacBook-Pro-de-Antonio.local" name="TestngCalculator" tests="2" failures="0" timestamp="2021-03-18T02:37:00 CST" time="0.011" errors="0">
  <testcase name="testOne_Suma" time="0.010" classname="TestngCalculator"/>
  <system-out/>
  <testcase name="testTwo_Suma" time="0.001" classname="TestngCalculator"/>
  <system-out/>
</testsuite> <!-- TestngCalculator -->
